<?xml version="1.0" encoding="UTF-8"?>
<!-- Generated by org.testng.reporters.JUnitReportReporter -->
<testsuite hostname="DESKTOP-OCET1UD" failures="0" tests="1" name="cucumberOptions.TestngTestRunner" time="29.423" errors="0" timestamp="2023-05-31T23:47:03 IST" skipped="0">
  <testcase classname="cucumberOptions.TestngTestRunner" name="runScenario" time="29.423"/>
  <system-out/>
</testsuite> <!-- cucumberOptions.TestngTestRunner -->
