<?xml version="1.0" encoding="UTF-8"?>
<!-- Generated by org.testng.reporters.JUnitReportReporter -->
<testsuite hostname="DESKTOP-OCET1UD" failures="0" tests="3" name="cucumberOptions.TestngTestRunner" time="0.733" errors="0" timestamp="2023-05-31T23:08:22 IST" skipped="0">
  <testcase classname="cucumberOptions.TestngTestRunner" name="runScenario" time="0.079"/>
  <system-out/>
  <testcase classname="cucumberOptions.TestngTestRunner" name="runScenario" time="0.100"/>
  <system-out/>
  <testcase classname="cucumberOptions.TestngTestRunner" name="runScenario" time="0.554"/>
  <system-out/>
</testsuite> <!-- cucumberOptions.TestngTestRunner -->
