<?xml version="1.0" encoding="UTF-8"?>
<!-- Generated by org.testng.reporters.JUnitReportReporter -->
<testsuite hostname="DESKTOP-OCET1UD" failures="0" tests="4" name="cucumberOptions.TestngTestRunner" time="91.982" errors="0" timestamp="2023-07-04T23:14:48 IST" skipped="0">
  <testcase classname="cucumberOptions.TestngTestRunner" name="runScenario" time="22.933"/>
  <system-out/>
  <testcase classname="cucumberOptions.TestngTestRunner" name="runScenario" time="28.659"/>
  <system-out/>
  <testcase classname="cucumberOptions.TestngTestRunner" name="runScenario" time="19.957"/>
  <system-out/>
  <testcase classname="cucumberOptions.TestngTestRunner" name="runScenario" time="20.433"/>
  <system-out/>
</testsuite> <!-- cucumberOptions.TestngTestRunner -->
