<?xml version="1.0" encoding="UTF-8"?>
<!-- Generated by org.testng.reporters.JUnitReportReporter -->
<testsuite hostname="DESKTOP-OCET1UD" failures="0" tests="4" name="cucumberOptions.TestngTestRunner" time="96.391" errors="0" timestamp="2023-06-17T23:59:09 IST" skipped="0">
  <testcase classname="cucumberOptions.TestngTestRunner" name="runScenario" time="33.032"/>
  <system-out/>
  <testcase classname="cucumberOptions.TestngTestRunner" name="runScenario" time="20.658"/>
  <system-out/>
  <testcase classname="cucumberOptions.TestngTestRunner" name="runScenario" time="20.817"/>
  <system-out/>
  <testcase classname="cucumberOptions.TestngTestRunner" name="runScenario" time="21.884"/>
  <system-out/>
</testsuite> <!-- cucumberOptions.TestngTestRunner -->
