<?xml version="1.0" encoding="UTF-8"?>
<!-- Generated by org.testng.reporters.JUnitReportReporter -->
<testsuite hostname="DESKTOP-OCET1UD" failures="0" tests="3" name="cucumberOptions.TestngTestRunner" time="83.422" errors="0" timestamp="2023-05-20T11:47:55 IST" skipped="0">
  <testcase classname="cucumberOptions.TestngTestRunner" name="runScenario" time="26.552"/>
  <system-out/>
  <testcase classname="cucumberOptions.TestngTestRunner" name="runScenario" time="32.358"/>
  <system-out/>
  <testcase classname="cucumberOptions.TestngTestRunner" name="runScenario" time="24.512"/>
  <system-out/>
</testsuite> <!-- cucumberOptions.TestngTestRunner -->
