<?xml version="1.0" encoding="UTF-8"?>
<!-- Generated by org.testng.reporters.JUnitReportReporter -->
<testsuite hostname="DESKTOP-OCET1UD" failures="0" tests="3" name="cucumberOptions.TestngTestRunner" time="45.645" errors="0" timestamp="2023-03-27T22:32:37 IST" skipped="0">
  <testcase classname="cucumberOptions.TestngTestRunner" name="runScenario" time="21.101"/>
  <system-out/>
  <testcase classname="cucumberOptions.TestngTestRunner" name="runScenario" time="12.396"/>
  <system-out/>
  <testcase classname="cucumberOptions.TestngTestRunner" name="runScenario" time="12.148"/>
  <system-out/>
</testsuite> <!-- cucumberOptions.TestngTestRunner -->
