<?xml version="1.0" encoding="UTF-8"?>
<!-- Generated by org.testng.reporters.JUnitReportReporter -->
<testsuite hostname="DESKTOP-OCET1UD" failures="0" tests="1" name="cucumberOptions.TestngTestRunner" time="0.339" errors="0" timestamp="2023-06-04T23:02:54 IST" skipped="0">
  <testcase classname="cucumberOptions.TestngTestRunner" name="runScenario" time="0.339"/>
  <system-out/>
</testsuite> <!-- cucumberOptions.TestngTestRunner -->
