<?xml version="1.0" encoding="UTF-8"?>
<!-- Generated by org.testng.reporters.JUnitReportReporter -->
<testsuite hostname="DESKTOP-OBFKNSO" failures="0" tests="3" name="cucumberOptions.TestngTestRunner" time="45.251" errors="0" timestamp="2023-03-09T23:04:39 IST" skipped="0">
  <testcase classname="cucumberOptions.TestngTestRunner" name="runScenario" time="16.768"/>
  <system-out/>
  <testcase classname="cucumberOptions.TestngTestRunner" name="runScenario" time="14.168"/>
  <system-out/>
  <testcase classname="cucumberOptions.TestngTestRunner" name="runScenario" time="14.315"/>
  <system-out/>
</testsuite> <!-- cucumberOptions.TestngTestRunner -->
