<?xml version="1.0" encoding="UTF-8"?>
<!-- Generated by org.testng.reporters.JUnitReportReporter -->
<testsuite hostname="DESKTOP-OCET1UD" failures="0" tests="3" name="cucumberOptions.TestngTestRunner" time="44.561" errors="0" timestamp="2023-04-09T22:14:08 IST" skipped="0">
  <testcase classname="cucumberOptions.TestngTestRunner" name="runScenario" time="11.978"/>
  <system-out/>
  <testcase classname="cucumberOptions.TestngTestRunner" name="runScenario" time="20.243"/>
  <system-out/>
  <testcase classname="cucumberOptions.TestngTestRunner" name="runScenario" time="12.340"/>
  <system-out/>
</testsuite> <!-- cucumberOptions.TestngTestRunner -->
