<?xml version="1.0" encoding="UTF-8"?>
<!-- Generated by org.testng.reporters.JUnitReportReporter -->
<testsuite hostname="DESKTOP-OCET1UD" failures="1" tests="2" name="cucumberOptions.TestngTestRunner" time="9.674" errors="0" timestamp="2023-05-05T23:15:51 IST" skipped="0">
  <testcase classname="cucumberOptions.TestngTestRunner" name="runScenario" time="8.875"/>
  <system-out/>
  <testcase classname="cucumberOptions.TestngTestRunner" name="runScenario" time="0.799">
    <failure message="expected:&lt;[tru]e&gt; but was:&lt;[fals]e&gt;" type="org.junit.ComparisonFailure">
      <![CDATA[org.junit.ComparisonFailure: expected:<[tru]e> but was:<[fals]e>
at org.junit.Assert.assertEquals(Assert.java:115)
at org.junit.Assert.assertEquals(Assert.java:144)
at StepDefination.DashboardOpearations.compare_the_email_address_is_correct_or_not_with_the_profile_email_address(DashboardOpearations.java:33)
at âœ½.compare the email address is correct or not with the profile email address(file:///C:/Users/Srinivasa%20Rao/git/CucumberFramework/src/test/java/features/dashboard.feature:7)
]]>
    </failure>
  </testcase> <!-- runScenario -->
  <system-out/>
</testsuite> <!-- cucumberOptions.TestngTestRunner -->
